This is pdfTeX, Version 3.141592653-2.6-1.40.26 (TeX Live 2024) (preloaded format=pdflatex 2024.7.10)  9 JUN 2025 11:27
entering extended mode
 restricted \write18 enabled.
 file:line:error style messages enabled.
 %&-line parsing enabled.
**section12.tex
(./section12.tex
LaTeX2e <2023-11-01> patch level 1
L3 programming layer <2024-02-20>

./section12.tex:3: LaTeX Error: No counter 'chapter' defined.

See the LaTeX manual or LaTeX Companion for explanation.
Type  H <return>  for immediate help.
 ...                                              
                                                  
l.3 \setcounter{chapter}{11}
                            
? 
./section12.tex:4: Undefined control sequence.
l.4 \chapter
            {One Sample Hypothesis Test on a Proportion and Variance}
? 
./section12.tex:4: Emergency stop.
l.4 
    
End of file on the terminal!

 
Here is how much of TeX's memory you used:
 16 strings out of 474116
 391 string characters out of 5743682
 1925187 words of memory out of 5000000
 22476 multiletter control sequences out of 15000+600000
 558069 words of font info for 36 fonts, out of 8000000 for 9000
 1141 hyphenation exceptions out of 8191
 12i,0n,13p,81b,14s stack positions out of 10000i,1000n,20000p,200000b,200000s
./section12.tex:4:  ==> Fatal error occurred, no output PDF file produced!
