\BOOKMARK [0][-]{chapter.0}{\376\377\0000\000\040\000O\000v\000e\000r\000v\000i\000e\000w}{}% 1
\BOOKMARK [0][-]{chapter.1}{\376\377\0001\000\040\000I\000n\000t\000r\000o\000d\000u\000c\000t\000i\000o\000n}{}% 2
\BOOKMARK [1][-]{section.1.1}{\376\377\0001\000.\0001\000\040\000B\000a\000s\000i\000c\000s}{chapter.1}% 3
\BOOKMARK [1][-]{section.1.2}{\376\377\0001\000.\0002\000\040\000T\000y\000p\000e\000s\000\040\000o\000f\000\040\000D\000a\000t\000a}{chapter.1}% 4
\BOOKMARK [1][-]{section.1.3}{\376\377\0001\000.\0003\000\040\000T\000y\000p\000e\000s\000\040\000o\000f\000\040\000S\000t\000u\000d\000i\000e\000s}{chapter.1}% 5
\BOOKMARK [1][-]{section.1.4}{\376\377\0001\000.\0004\000\040\000I\000n\000t\000r\000o\000d\000u\000c\000t\000i\000o\000n\000\040\000t\000o\000\040\000I\000n\000f\000e\000r\000e\000n\000t\000i\000a\000l\000\040\000S\000t\000a\000t\000i\000s\000t\000i\000c\000s}{chapter.1}% 6
\BOOKMARK [1][-]{section.1.5}{\376\377\0001\000.\0005\000\040\000I\000s\000s\000u\000e\000s\000\040\000w\000i\000t\000h\000\040\000S\000a\000m\000p\000l\000e\000\040\000D\000a\000t\000a}{chapter.1}% 7
\BOOKMARK [0][-]{chapter.2}{\376\377\0002\000\040\000D\000e\000s\000c\000r\000i\000p\000t\000i\000v\000e\000\040\000S\000t\000a\000t\000i\000s\000t\000i\000c\000s}{}% 8
\BOOKMARK [1][-]{section.2.1}{\376\377\0002\000.\0001\000\040\000R\000e\000p\000r\000e\000s\000e\000n\000t\000i\000n\000g\000\040\000D\000a\000t\000a}{chapter.2}% 9
\BOOKMARK [1][-]{section.2.2}{\376\377\0002\000.\0002\000\040\000N\000u\000m\000e\000r\000i\000c\000a\000l\000\040\000M\000e\000a\000s\000u\000r\000e\000s\000\040\000o\000f\000\040\000L\000o\000c\000a\000t\000i\000o\000n}{chapter.2}% 10
\BOOKMARK [2][-]{subsection.2.2.1}{\376\377\0002\000.\0002\000.\0001\000\040\000M\000e\000a\000n}{section.2.2}% 11
\BOOKMARK [2][-]{subsection.2.2.2}{\376\377\0002\000.\0002\000.\0002\000\040\000M\000e\000d\000i\000a\000n}{section.2.2}% 12
\BOOKMARK [2][-]{subsection.2.2.3}{\376\377\0002\000.\0002\000.\0003\000\040\000M\000o\000d\000e}{section.2.2}% 13
\BOOKMARK [2][-]{subsection.2.2.4}{\376\377\0002\000.\0002\000.\0004\000\040\000V\000a\000r\000i\000a\000n\000c\000e}{section.2.2}% 14
\BOOKMARK [2][-]{subsection.2.2.5}{\376\377\0002\000.\0002\000.\0005\000\040\000S\000t\000a\000n\000d\000a\000r\000d\000\040\000D\000e\000v\000i\000a\000t\000i\000o\000n}{section.2.2}% 15
\BOOKMARK [2][-]{subsection.2.2.6}{\376\377\0002\000.\0002\000.\0006\000\040\000P\000e\000r\000c\000e\000n\000t\000i\000l\000e\000s}{section.2.2}% 16
\BOOKMARK [2][-]{subsection.2.2.7}{\376\377\0002\000.\0002\000.\0007\000\040\000Q\000u\000a\000r\000t\000i\000l\000e\000s}{section.2.2}% 17
\BOOKMARK [1][-]{section.2.3}{\376\377\0002\000.\0003\000\040\000G\000r\000a\000p\000h\000i\000c\000a\000l\000\040\000T\000e\000c\000h\000n\000i\000q\000u\000e\000s}{chapter.2}% 18
\BOOKMARK [2][-]{subsection.2.3.1}{\376\377\0002\000.\0003\000.\0001\000\040\000H\000i\000s\000t\000o\000g\000r\000a\000m\000s}{section.2.3}% 19
\BOOKMARK [2][-]{subsection.2.3.2}{\376\377\0002\000.\0003\000.\0002\000\040\000B\000o\000x\000p\000l\000o\000t\000s}{section.2.3}% 20
\BOOKMARK [2][-]{subsection.2.3.3}{\376\377\0002\000.\0003\000.\0003\000\040\000S\000t\000e\000m\000\040\000a\000n\000d\000\040\000L\000e\000a\000f\000\040\000P\000l\000o\000t\000s}{section.2.3}% 21
\BOOKMARK [0][-]{chapter.3}{\376\377\0003\000\040\000P\000r\000o\000b\000a\000b\000i\000l\000i\000t\000y}{}% 22
\BOOKMARK [1][-]{section.3.1}{\376\377\0003\000.\0001\000\040\000I\000n\000t\000r\000o\000d\000u\000c\000t\000i\000o\000n}{chapter.3}% 23
\BOOKMARK [1][-]{section.3.2}{\376\377\0003\000.\0002\000\040\000T\000e\000r\000m\000i\000n\000o\000l\000o\000g\000y\000\040\000a\000n\000d\000\040\000D\000e\000f\000i\000n\000i\000t\000i\000o\000n\000s}{chapter.3}% 24
\BOOKMARK [1][-]{section.3.3}{\376\377\0003\000.\0003\000\040\000N\000o\000t\000a\000t\000i\000o\000n}{chapter.3}% 25
\BOOKMARK [1][-]{section.3.4}{\376\377\0003\000.\0004\000\040\000P\000r\000o\000p\000e\000r\000t\000i\000e\000s}{chapter.3}% 26
\BOOKMARK [1][-]{section.3.5}{\376\377\0003\000.\0005\000\040\000V\000e\000n\000n\000\040\000D\000i\000a\000g\000r\000a\000m\000s}{chapter.3}% 27
\BOOKMARK [1][-]{section.3.6}{\376\377\0003\000.\0006\000\040\000C\000o\000n\000d\000i\000t\000i\000o\000n\000a\000l\000\040\000P\000r\000o\000b\000a\000b\000i\000l\000i\000t\000y\000\040\000a\000n\000d\000\040\000I\000n\000d\000e\000p\000e\000n\000d\000e\000n\000c\000e}{chapter.3}% 28
\BOOKMARK [2][-]{subsection.3.6.1}{\376\377\0003\000.\0006\000.\0001\000\040\000C\000o\000n\000d\000i\000t\000i\000o\000n\000a\000l\000\040\000P\000r\000o\000b\000a\000b\000i\000l\000i\000t\000y}{section.3.6}% 29
\BOOKMARK [2][-]{subsection.3.6.2}{\376\377\0003\000.\0006\000.\0002\000\040\000I\000n\000d\000e\000p\000e\000n\000d\000e\000n\000c\000e}{section.3.6}% 30
\BOOKMARK [1][-]{section.3.7}{\376\377\0003\000.\0007\000\040\000B\000a\000y\000e\000s\000'\000\040\000T\000h\000e\000o\000r\000e\000m}{chapter.3}% 31
\BOOKMARK [1][-]{section.3.8}{\376\377\0003\000.\0008\000\040\000C\000o\000u\000n\000t\000i\000n\000g\000\040\000T\000e\000c\000h\000n\000i\000q\000u\000e\000s}{chapter.3}% 32
\BOOKMARK [2][-]{subsection.3.8.1}{\376\377\0003\000.\0008\000.\0001\000\040\000F\000a\000c\000t\000o\000r\000i\000a\000l}{section.3.8}% 33
\BOOKMARK [2][-]{subsection.3.8.2}{\376\377\0003\000.\0008\000.\0002\000\040\000C\000o\000m\000b\000i\000n\000a\000t\000i\000o\000n\000s}{section.3.8}% 34
\BOOKMARK [1][-]{section.3.9}{\376\377\0003\000.\0009\000\040\000R\000a\000n\000d\000o\000m\000\040\000V\000a\000r\000i\000a\000b\000l\000e\000s}{chapter.3}% 35
\BOOKMARK [2][-]{subsection.3.9.1}{\376\377\0003\000.\0009\000.\0001\000\040\000D\000i\000s\000c\000r\000e\000t\000e\000\040\000R\000a\000n\000d\000o\000m\000\040\000V\000a\000r\000i\000a\000b\000l\000e\000s}{section.3.9}% 36
\BOOKMARK [3][-]{subsubsection.3.9.1.1}{\376\377\0003\000.\0009\000.\0001\000.\0001\000\040\000P\000r\000o\000b\000a\000b\000i\000l\000i\000t\000y\000\040\000M\000a\000s\000s\000\040\000F\000u\000n\000c\000t\000i\000o\000n}{subsection.3.9.1}% 37
\BOOKMARK [3][-]{subsubsection.3.9.1.2}{\376\377\0003\000.\0009\000.\0001\000.\0002\000\040\000M\000e\000a\000n\000,\000\040\000V\000a\000r\000i\000a\000n\000c\000e\000\040\000a\000n\000d\000\040\000S\000t\000a\000n\000d\000a\000r\000d\000\040\000D\000e\000v\000i\000a\000t\000i\000o\000n\000\040\000o\000f\000\040\000a\000\040\000D\000i\000s\000c\000r\000e\000t\000e\000\040\000R\000a\000n\000d\000o\000m\000\040\000V\000a\000r\000i\000a\000b\000l\000e}{subsection.3.9.1}% 38
\BOOKMARK [2][-]{subsection.3.9.2}{\376\377\0003\000.\0009\000.\0002\000\040\000C\000o\000n\000t\000i\000n\000u\000o\000u\000s\000\040\000R\000a\000n\000d\000o\000m\000\040\000V\000a\000r\000i\000a\000b\000l\000e}{section.3.9}% 39
\BOOKMARK [3][-]{subsubsection.3.9.2.1}{\376\377\0003\000.\0009\000.\0002\000.\0001\000\040\000P\000r\000o\000b\000a\000b\000i\000l\000i\000t\000y\000\040\000D\000e\000n\000s\000i\000t\000y\000\040\000F\000u\000n\000c\000t\000i\000o\000n}{subsection.3.9.2}% 40
\BOOKMARK [3][-]{subsubsection.3.9.2.2}{\376\377\0003\000.\0009\000.\0002\000.\0002\000\040\000M\000e\000a\000n\000,\000\040\000V\000a\000r\000i\000a\000n\000c\000e\000\040\000a\000n\000d\000\040\000S\000t\000a\000n\000d\000a\000r\000d\000\040\000d\000e\000v\000i\000a\000t\000i\000o\000n\000\040\000o\000f\000\040\000a\000\040\000C\000o\000n\000t\000i\000n\000u\000o\000u\000s\000\040\000R\000a\000n\000d\000o\000m\000\040\000V\000a\000r\000i\000a\000b\000l\000e}{subsection.3.9.2}% 41
\BOOKMARK [0][-]{chapter.4}{\376\377\0004\000\040\000D\000i\000s\000t\000r\000i\000b\000u\000t\000i\000o\000n\000s\000\040\000o\000f\000\040\000R\000a\000n\000d\000o\000m\000\040\000V\000a\000r\000i\000a\000b\000l\000e\000s}{}% 42
\BOOKMARK [1][-]{section.4.1}{\376\377\0004\000.\0001\000\040\000D\000i\000s\000t\000r\000i\000b\000u\000t\000i\000o\000n\000s\000\040\000o\000f\000\040\000D\000i\000s\000c\000r\000e\000t\000e\000\040\000R\000a\000n\000d\000o\000m\000\040\000V\000a\000r\000i\000a\000b\000l\000e\000s}{chapter.4}% 43
\BOOKMARK [2][-]{subsection.4.1.1}{\376\377\0004\000.\0001\000.\0001\000\040\000B\000e\000r\000n\000o\000u\000l\000l\000i\000\040\000D\000i\000s\000t\000r\000i\000b\000u\000t\000i\000o\000n}{section.4.1}% 44
\BOOKMARK [2][-]{subsection.4.1.2}{\376\377\0004\000.\0001\000.\0002\000\040\000B\000i\000n\000o\000m\000i\000a\000l\000\040\000D\000i\000s\000t\000r\000i\000b\000u\000t\000i\000o\000n}{section.4.1}% 45
\BOOKMARK [1][-]{section.4.2}{\376\377\0004\000.\0002\000\040\000D\000i\000s\000t\000r\000i\000b\000u\000t\000i\000o\000n\000s\000\040\000o\000f\000\040\000C\000o\000n\000t\000i\000n\000u\000o\000u\000s\000\040\000R\000a\000n\000d\000o\000m\000\040\000V\000a\000r\000i\000a\000b\000l\000e\000s}{chapter.4}% 46
\BOOKMARK [2][-]{subsection.4.2.1}{\376\377\0004\000.\0002\000.\0001\000\040\000C\000o\000n\000t\000i\000n\000u\000o\000u\000s\000\040\000U\000n\000i\000f\000o\000r\000m\000\040\000D\000i\000s\000t\000r\000i\000b\000u\000t\000i\000o\000n}{section.4.2}% 47
\BOOKMARK [2][-]{subsection.4.2.2}{\376\377\0004\000.\0002\000.\0002\000\040\000N\000o\000r\000m\000a\000l\000\040\000D\000i\000s\000t\000r\000i\000b\000u\000t\000i\000o\000n}{section.4.2}% 48
\BOOKMARK [3][-]{subsubsection.4.2.2.1}{\376\377\0004\000.\0002\000.\0002\000.\0001\000\040\000T\000h\000e\000\040\000S\000t\000a\000n\000d\000a\000r\000d\000\040\000N\000o\000r\000m\000a\000l\000\040\000D\000i\000s\000t\000r\000i\000b\000u\000t\000i\000o\000n}{subsection.4.2.2}% 49
\BOOKMARK [2][-]{subsection.4.2.3}{\376\377\0004\000.\0002\000.\0003\000\040\000t\000-\000D\000i\000s\000t\000r\000i\000b\000u\000t\000i\000o\000n}{section.4.2}% 50
\BOOKMARK [0][-]{chapter.5}{\376\377\0005\000\040\000F\000o\000u\000n\000d\000a\000t\000i\000o\000n\000s\000\040\000o\000f\000\040\000I\000n\000f\000e\000r\000e\000n\000c\000e}{}% 51
\BOOKMARK [1][-]{section.5.1}{\376\377\0005\000.\0001\000\040\000S\000a\000m\000p\000l\000i\000n\000g\000\040\000D\000i\000s\000t\000r\000i\000b\000u\000t\000i\000o\000n}{chapter.5}% 52
\BOOKMARK [1][-]{section.5.2}{\376\377\0005\000.\0002\000\040\000C\000e\000n\000t\000r\000a\000l\000\040\000L\000i\000m\000i\000t\000\040\000T\000h\000e\000o\000r\000e\000m}{chapter.5}% 53
\BOOKMARK [1][-]{section.5.3}{\376\377\0005\000.\0003\000\040\000I\000n\000t\000r\000o\000d\000u\000c\000t\000i\000o\000n\000\040\000t\000o\000\040\000I\000n\000f\000e\000r\000e\000n\000c\000e}{chapter.5}% 54
\BOOKMARK [0][-]{chapter.6}{\376\377\0006\000\040\000C\000o\000n\000f\000i\000d\000e\000n\000c\000e\000\040\000I\000n\000t\000e\000r\000v\000a\000l\000s}{}% 55
\BOOKMARK [1][-]{section.6.1}{\376\377\0006\000.\0001\000\040\000I\000n\000t\000r\000o\000d\000u\000c\000t\000i\000o\000n}{chapter.6}% 56
\BOOKMARK [1][-]{section.6.2}{\376\377\0006\000.\0002\000\040\000I\000n\000t\000e\000r\000p\000r\000e\000t\000a\000t\000i\000o\000n}{chapter.6}% 57
\BOOKMARK [1][-]{section.6.3}{\376\377\0006\000.\0003\000\040\000O\000n\000e\000\040\000S\000a\000m\000p\000l\000e\000\040\000C\000o\000n\000f\000i\000d\000e\000n\000c\000e\000\040\000I\000n\000t\000e\000r\000v\000a\000l\000s}{chapter.6}% 58
\BOOKMARK [2][-]{subsection.6.3.1}{\376\377\0006\000.\0003\000.\0001\000\040\000O\000n\000\040\000t\000h\000e\000\040\000M\000e\000a\000n}{section.6.3}% 59
\BOOKMARK [3][-]{subsubsection.6.3.1.1}{\376\377\0006\000.\0003\000.\0001\000.\0001\000\040\000W\000h\000e\000n\000\040\000\040\000i\000s\000\040\000K\000n\000o\000w\000n}{subsection.6.3.1}% 60
\BOOKMARK [3][-]{subsubsection.6.3.1.2}{\376\377\0006\000.\0003\000.\0001\000.\0002\000\040\000W\000h\000e\000n\000\040\000\040\000i\000s\000\040\000U\000n\000k\000n\000o\000w\000n}{subsection.6.3.1}% 61
\BOOKMARK [2][-]{subsection.6.3.2}{\376\377\0006\000.\0003\000.\0002\000\040\000O\000n\000\040\000a\000\040\000P\000r\000o\000p\000o\000r\000t\000i\000o\000n}{section.6.3}% 62
\BOOKMARK [2][-]{subsection.6.3.3}{\376\377\0006\000.\0003\000.\0003\000\040\000A\000s\000s\000u\000m\000p\000t\000i\000o\000n\000s}{section.6.3}% 63
\BOOKMARK [1][-]{section.6.4}{\376\377\0006\000.\0004\000\040\000T\000w\000o\000\040\000S\000a\000m\000p\000l\000e\000\040\000C\000o\000n\000f\000i\000d\000e\000n\000c\000e\000\040\000I\000n\000t\000e\000r\000v\000a\000l\000s}{chapter.6}% 64
\BOOKMARK [2][-]{subsection.6.4.1}{\376\377\0006\000.\0004\000.\0001\000\040\000O\000n\000\040\000a\000\040\000D\000i\000f\000f\000e\000r\000e\000n\000c\000e\000\040\000o\000f\000\040\000T\000w\000o\000\040\000M\000e\000a\000n\000s}{section.6.4}% 65
\BOOKMARK [3][-]{subsubsection.6.4.1.1}{\376\377\0006\000.\0004\000.\0001\000.\0001\000\040\000W\000h\000e\000n\000\040\0001\000\040\000a\000n\000d\000\040\0002\000\040\000a\000r\000e\000\040\000K\000n\000o\000w\000n}{subsection.6.4.1}% 66
\BOOKMARK [3][-]{subsubsection.6.4.1.2}{\376\377\0006\000.\0004\000.\0001\000.\0002\000\040\000W\000h\000e\000n\000\040\0001\000\040\000a\000n\000d\000\040\0002\000\040\000a\000r\000e\000\040\000U\000n\000k\000n\000o\000w\000n}{subsection.6.4.1}% 67
\BOOKMARK [4][-]{paragraph.6.4.1.2.1}{\376\377\0006\000.\0004\000.\0001\000.\0002\000.\0001\000\040\000W\000h\000e\000n\000\040\0001\000\040\000=\0002}{subsubsection.6.4.1.2}% 68
\BOOKMARK [4][-]{paragraph.6.4.1.2.2}{\376\377\0006\000.\0004\000.\0001\000.\0002\000.\0002\000\040\000W\000h\000e\000n\000\040\0001\000\040\000=\000\040\0002}{subsubsection.6.4.1.2}% 69
\BOOKMARK [3][-]{subsubsection.6.4.1.3}{\376\377\0006\000.\0004\000.\0001\000.\0003\000\040\000A\000s\000s\000u\000m\000p\000t\000i\000o\000n\000s}{subsection.6.4.1}% 70
\BOOKMARK [2][-]{subsection.6.4.2}{\376\377\0006\000.\0004\000.\0002\000\040\000O\000n\000\040\000a\000\040\000D\000i\000f\000f\000e\000r\000e\000n\000c\000e\000\040\000o\000f\000\040\000T\000w\000o\000\040\000P\000r\000o\000p\000o\000r\000t\000i\000o\000n\000s}{section.6.4}% 71
\BOOKMARK [3][-]{subsubsection.6.4.2.1}{\376\377\0006\000.\0004\000.\0002\000.\0001\000\040\000A\000s\000s\000u\000m\000p\000t\000i\000o\000n\000s}{subsection.6.4.2}% 72
\BOOKMARK [1][-]{section.6.5}{\376\377\0006\000.\0005\000\040\000O\000n\000\040\000P\000a\000i\000r\000e\000d\000\040\000D\000a\000t\000a}{chapter.6}% 73
\BOOKMARK [2][-]{subsection.6.5.1}{\376\377\0006\000.\0005\000.\0001\000\040\000A\000s\000s\000u\000m\000p\000t\000i\000o\000n\000s}{section.6.5}% 74
\BOOKMARK [0][-]{chapter.7}{\376\377\0007\000\040\000H\000y\000p\000o\000t\000h\000e\000s\000i\000s\000\040\000T\000e\000s\000t\000s}{}% 75
\BOOKMARK [1][-]{section.7.1}{\376\377\0007\000.\0001\000\040\000O\000n\000e\000\040\000S\000a\000m\000p\000l\000e\000\040\000H\000y\000p\000o\000t\000h\000e\000s\000i\000s\000\040\000T\000e\000s\000t\000s}{chapter.7}% 76
\BOOKMARK [2][-]{subsection.7.1.1}{\376\377\0007\000.\0001\000.\0001\000\040\000O\000n\000\040\000t\000h\000e\000\040\000M\000e\000a\000n}{section.7.1}% 77
\BOOKMARK [3][-]{subsubsection.7.1.1.1}{\376\377\0007\000.\0001\000.\0001\000.\0001\000\040\000W\000h\000e\000n\000\040\000\040\000i\000s\000\040\000K\000n\000o\000w\000n}{subsection.7.1.1}% 78
\BOOKMARK [3][-]{subsubsection.7.1.1.2}{\376\377\0007\000.\0001\000.\0001\000.\0002\000\040\000W\000h\000e\000n\000\040\000\040\000i\000s\000\040\000N\000o\000t\000\040\000K\000n\000o\000w\000n}{subsection.7.1.1}% 79
\BOOKMARK [2][-]{subsection.7.1.2}{\376\377\0007\000.\0001\000.\0002\000\040\000O\000n\000\040\000a\000\040\000P\000r\000o\000p\000o\000r\000t\000i\000o\000n}{section.7.1}% 80
\BOOKMARK [2][-]{subsection.7.1.3}{\376\377\0007\000.\0001\000.\0003\000\040\000A\000s\000s\000u\000m\000p\000t\000i\000o\000n\000s}{section.7.1}% 81
\BOOKMARK [1][-]{section.7.2}{\376\377\0007\000.\0002\000\040\000T\000w\000o\000\040\000S\000a\000m\000p\000l\000e\000\040\000H\000y\000p\000o\000t\000h\000e\000s\000i\000s\000\040\000T\000e\000s\000t\000s}{chapter.7}% 82
\BOOKMARK [2][-]{subsection.7.2.1}{\376\377\0007\000.\0002\000.\0001\000\040\000O\000n\000\040\000a\000\040\000D\000i\000f\000f\000e\000r\000e\000n\000c\000e\000\040\000o\000f\000\040\000T\000w\000o\000\040\000M\000e\000a\000n\000s}{section.7.2}% 83
\BOOKMARK [3][-]{subsubsection.7.2.1.1}{\376\377\0007\000.\0002\000.\0001\000.\0001\000\040\000W\000h\000e\000n\000\040\0001\000\040\000a\000n\000d\000\040\0002\000\040\000a\000r\000e\000\040\000K\000n\000o\000w\000n}{subsection.7.2.1}% 84
\BOOKMARK [3][-]{subsubsection.7.2.1.2}{\376\377\0007\000.\0002\000.\0001\000.\0002\000\040\000W\000h\000e\000n\000\040\0001\000\040\000a\000n\000d\000\040\0002\000\040\000a\000r\000e\000\040\000N\000o\000t\000\040\000K\000n\000o\000w\000n}{subsection.7.2.1}% 85
\BOOKMARK [4][-]{paragraph.7.2.1.2.1}{\376\377\0007\000.\0002\000.\0001\000.\0002\000.\0001\000\040\000W\000h\000e\000n\000\040\0001\000\040\000=\0002}{subsubsection.7.2.1.2}% 86
\BOOKMARK [4][-]{paragraph.7.2.1.2.2}{\376\377\0007\000.\0002\000.\0001\000.\0002\000.\0002\000\040\000W\000h\000e\000n\000\040\0001\000\040\000=\000\040\0002}{subsubsection.7.2.1.2}% 87
\BOOKMARK [3][-]{subsubsection.7.2.1.3}{\376\377\0007\000.\0002\000.\0001\000.\0003\000\040\000A\000s\000s\000u\000m\000p\000t\000i\000o\000n\000s}{subsection.7.2.1}% 88
\BOOKMARK [2][-]{subsection.7.2.2}{\376\377\0007\000.\0002\000.\0002\000\040\000O\000n\000\040\000a\000\040\000D\000i\000f\000f\000e\000r\000e\000n\000c\000e\000\040\000o\000f\000\040\000T\000w\000o\000\040\000P\000r\000o\000p\000o\000r\000t\000i\000o\000n\000s}{section.7.2}% 89
\BOOKMARK [3][-]{subsubsection.7.2.2.1}{\376\377\0007\000.\0002\000.\0002\000.\0001\000\040\000A\000s\000s\000u\000m\000p\000t\000i\000o\000n\000s}{subsection.7.2.2}% 90
\BOOKMARK [1][-]{section.7.3}{\376\377\0007\000.\0003\000\040\000O\000n\000\040\000P\000a\000i\000r\000e\000d\000\040\000D\000a\000t\000a}{chapter.7}% 91
\BOOKMARK [2][-]{subsection.7.3.1}{\376\377\0007\000.\0003\000.\0001\000\040\000A\000s\000s\000u\000m\000p\000t\000i\000o\000n\000s}{section.7.3}% 92
\BOOKMARK [1][-]{section.7.4}{\376\377\0007\000.\0004\000\040\000D\000e\000c\000i\000s\000i\000o\000n\000\040\000E\000r\000r\000o\000r\000s}{chapter.7}% 93
\BOOKMARK [1][-]{section.7.5}{\376\377\0007\000.\0005\000\040\000R\000e\000l\000a\000t\000i\000o\000n\000s\000h\000i\000p\000\040\000B\000e\000t\000w\000e\000e\000n\000\040\000H\000y\000p\000o\000t\000h\000e\000s\000i\000s\000\040\000T\000e\000s\000t\000s\000\040\000a\000n\000d\000\040\000C\000o\000n\000f\000i\000d\000e\000n\000c\000e\000\040\000I\000n\000t\000e\000r\000v\000a\000l\000s}{chapter.7}% 94
\BOOKMARK [1][-]{section.7.6}{\376\377\0007\000.\0006\000\040\000S\000t\000a\000t\000i\000s\000t\000i\000c\000a\000l\000\040\000S\000i\000g\000n\000i\000f\000i\000c\000a\000n\000c\000e\000\040\000v\000s\000.\000\040\000P\000r\000a\000c\000t\000i\000c\000a\000l\000\040\000S\000i\000g\000n\000i\000f\000i\000c\000a\000n\000c\000e}{chapter.7}% 95
\BOOKMARK [0][-]{chapter.8}{\376\377\0008\000\040\000S\000i\000m\000p\000l\000e\000\040\000L\000i\000n\000e\000a\000r\000\040\000R\000e\000g\000r\000e\000s\000s\000i\000o\000n}{}% 96
\BOOKMARK [1][-]{section.8.1}{\376\377\0008\000.\0001\000\040\000I\000n\000t\000r\000o\000d\000u\000c\000t\000i\000o\000n\000\040\000a\000n\000d\000\040\000N\000o\000t\000a\000t\000i\000o\000n}{chapter.8}% 97
\BOOKMARK [1][-]{section.8.2}{\376\377\0008\000.\0002\000\040\000T\000h\000e\000\040\000L\000i\000n\000e\000a\000r\000\040\000R\000e\000g\000r\000e\000s\000s\000i\000o\000n\000\040\000M\000o\000d\000e\000l}{chapter.8}% 98
\BOOKMARK [2][-]{subsection.8.2.1}{\376\377\0008\000.\0002\000.\0001\000\040\000I\000n\000t\000e\000r\000p\000r\000e\000t\000a\000t\000i\000o\000n\000\040\000o\000f\000\040\000t\000h\000e\000\040\000S\000l\000o\000p\000e\000\040\000a\000n\000d\000\040\000I\000n\000t\000e\000r\000c\000e\000p\000t}{section.8.2}% 99
\BOOKMARK [2][-]{subsection.8.2.2}{\376\377\0008\000.\0002\000.\0002\000\040\000I\000n\000t\000e\000r\000p\000o\000l\000a\000t\000i\000o\000n\000\040\000a\000n\000d\000\040\000E\000x\000t\000r\000a\000p\000o\000l\000a\000t\000i\000o\000n}{section.8.2}% 100
\BOOKMARK [1][-]{section.8.3}{\376\377\0008\000.\0003\000\040\000R\000e\000s\000i\000d\000u\000a\000l\000s}{chapter.8}% 101
\BOOKMARK [2][-]{subsection.8.3.1}{\376\377\0008\000.\0003\000.\0001\000\040\000R\000e\000s\000i\000d\000u\000a\000l\000\040\000P\000l\000o\000t\000s}{section.8.3}% 102
\BOOKMARK [1][-]{section.8.4}{\376\377\0008\000.\0004\000\040\000M\000o\000d\000e\000l\000\040\000A\000s\000s\000u\000m\000p\000t\000i\000o\000n\000s}{chapter.8}% 103
\BOOKMARK [1][-]{section.8.5}{\376\377\0008\000.\0005\000\040\000M\000e\000a\000s\000u\000r\000i\000n\000g\000\040\000V\000a\000r\000i\000a\000b\000i\000l\000i\000t\000y\000\040\000w\000i\000t\000h\000\040\000a\000\040\000R\000e\000g\000r\000e\000s\000s\000i\000o\000n\000\040\000M\000o\000d\000e\000l}{chapter.8}% 104
\BOOKMARK [2][-]{subsection.8.5.1}{\376\377\0008\000.\0005\000.\0001\000\040\000C\000o\000e\000f\000f\000i\000c\000i\000e\000n\000t\000\040\000o\000f\000\040\000D\000e\000t\000e\000r\000m\000i\000n\000a\000t\000i\000o\000n\000\040\000a\000n\000d\000\040\000C\000o\000e\000f\000f\000i\000c\000i\000e\000n\000t\000\040\000o\000f\000\040\000C\000o\000r\000r\000e\000l\000a\000t\000i\000o\000n}{section.8.5}% 105
\BOOKMARK [1][-]{section.8.6}{\376\377\0008\000.\0006\000\040\000I\000n\000f\000e\000r\000e\000n\000c\000e\000\040\000P\000r\000o\000c\000e\000d\000u\000r\000e\000s\000\040\000o\000n\000\040\000t\000h\000e\000\040\000S\000l\000o\000p\000e}{chapter.8}% 106
\BOOKMARK [2][-]{subsection.8.6.1}{\376\377\0008\000.\0006\000.\0001\000\040\000C\000o\000n\000f\000i\000d\000e\000n\000c\000e\000\040\000I\000n\000t\000e\000r\000v\000a\000l\000s\000\040\000o\000n\000\040\000t\000h\000e\000\040\000S\000l\000o\000p\000e}{section.8.6}% 107
\BOOKMARK [2][-]{subsection.8.6.2}{\376\377\0008\000.\0006\000.\0002\000\040\000H\000y\000p\000o\000t\000h\000e\000s\000i\000s\000\040\000T\000e\000s\000t\000s\000\040\000o\000n\000\040\000t\000h\000e\000\040\000S\000l\000o\000p\000e}{section.8.6}% 108
