This is pdfTeX, Version 3.141592653-2.6-1.40.27 (TeX Live 2025) (preloaded format=pdflatex 2025.5.8)  14 MAY 2025 21:52
entering extended mode
 restricted \write18 enabled.
 file:line:error style messages enabled.
 %&-line parsing enabled.
**section1.tex
(./section1.tex
LaTeX2e <2024-11-01> patch level 2
L3 programming layer <2025-01-18>
./section1.tex:3: Undefined control sequence.
l.3 \chapter
            {Introduction to R and Assessing Normality}
? 

./section1.tex:3: LaTeX Error: Missing \begin{document}.

See the LaTeX manual or LaTeX Companion for explanation.
Type  H <return>  for immediate help.
 ...                                              
                                                  
l.3 \chapter{I
              ntroduction to R and Assessing Normality}
? 
./section1.tex:3: Emergency stop.
 ...                                              
                                                  
l.3 \chapter{I
              ntroduction to R and Assessing Normality}
You're in trouble here.  Try typing  <return>  to proceed.
If that doesn't work, type  X <return>  to quit.

 
Here is how much of TeX's memory you used:
 15 strings out of 473190
 481 string characters out of 5715801
 391984 words of memory out of 5000000
 23367 multiletter control sequences out of 15000+600000
 558837 words of font info for 36 fonts, out of 8000000 for 9000
 1141 hyphenation exceptions out of 8191
 15i,0n,18p,99b,18s stack positions out of 10000i,1000n,20000p,200000b,200000s
./section1.tex:3:  ==> Fatal error occurred, no output PDF file produced!
