This is pdfTeX, Version 3.1415926-2.5-1.40.14 (TeX Live 2013) (format=pdflatex 2013.5.30)  8 SEP 2014 09:56
entering extended mode
 \write18 enabled.
 file:line:error style messages enabled.
 %&-line parsing enabled.
**beamerouterthemeUniversiteitAntwerpen.sty
(./beamerouterthemeUniversiteitAntwerpen.sty
LaTeX2e <2011/06/27>
Babel <3.9f> and hyphenation patterns for 78 languages loaded.
(/usr/local/texlive/2013/texmf-dist/tex/latex/tools/calc.sty
Package: calc 2007/08/22 v4.3 Infix arithmetic (KKT,FJ)
\calc@Acount=\count79
\calc@Bcount=\count80
\calc@Adimen=\dimen102
\calc@Bdimen=\dimen103
\calc@Askip=\skip41
\calc@Bskip=\skip42
LaTeX Info: Redefining \setlength on input line 76.
LaTeX Info: Redefining \addtolength on input line 77.
\calc@Ccount=\count81
\calc@Cskip=\skip43
)
(/usr/local/texlive/2013/texmf-dist/tex/latex/base/ifthen.sty
Package: ifthen 2001/05/26 v1.1c Standard LaTeX ifthen package (DPC)
)
./beamerouterthemeUniversiteitAntwerpen.sty:26: Undefined control sequence.
l.26 \mode
          <presentation>
? 
./beamerouterthemeUniversiteitAntwerpen.sty:26: Emergency stop.
l.26 \mode
          <presentation>
End of file on the terminal!

 
Here is how much of TeX's memory you used:
 132 strings out of 493315
 1914 string characters out of 6137904
 52158 words of memory out of 5000000
 3676 multiletter control sequences out of 15000+600000
 3640 words of font info for 14 fonts, out of 8000000 for 9000
 957 hyphenation exceptions out of 8191
 14i,0n,16p,148b,10s stack positions out of 5000i,500n,10000p,200000b,80000s
./beamerouterthemeUniversiteitAntwerpen.sty:26:  ==> Fatal error occurred, no o
utput PDF file produced!
