This is pdfTeX, Version 3.1415926-1.40.9 (MiKTeX 2.7) (preloaded format=latex 2009.11.4)  19 NOV 2009 18:23
entering extended mode
**F:/matrix_091119/notation.tex
(F:/matrix_091119/notation.tex
LaTeX2e <2005/12/01>
Babel <v3.8l> and hyphenation patterns for english, usenglishmax, dumylang, noh
yphenation, german, ngerman, german-x-2008-06-18, ngerman-x-2008-06-18, french,
 loaded.
! Undefined control sequence.
<argument> \undefinedpagestyle 
                               
l.1 \pagestyle{myheadings}
                            \markboth{
? 
! Emergency stop.
<argument> \undefinedpagestyle 
                               
l.1 \pagestyle{myheadings}
                            \markboth{
End of file on the terminal!

 
Here is how much of TeX's memory you used:
 8 strings out of 95273
 155 string characters out of 1183261
 45071 words of memory out of 1500000
 3322 multiletter control sequences out of 110000
 3640 words of font info for 14 fonts, out of 3000000 for 5000
 28 hyphenation exceptions out of 8191
 5i,0n,2p,80b,8s stack positions out of 5000i,500n,10000p,200000b,50000s
No pages of output.
