This is pdfTeX, Version 3.1415926-1.40.9 (MiKTeX 2.7) (preloaded format=latex 2009.11.4)  3 DEC 2009 14:49
entering extended mode
**C:/Users/조규동/Desktop/matrix_091119/preface.tex
(C:/Users/조규동/Desktop/matrix_091119/preface.tex
LaTeX2e <2005/12/01>
Babel <v3.8l> and hyphenation patterns for english, usenglishmax, dumylang, noh
yphenation, german, ngerman, german-x-2008-06-18, ngerman-x-2008-06-18, french,
 loaded.

! LaTeX Error: Missing \begin{document}.

See the LaTeX manual or LaTeX Companion for explanation.
Type  H <return>  for immediate help.
 ...                                              
                                                  
l.2 \begin{center}
                  
? 
! Emergency stop.
 ...                                              
                                                  
l.2 \begin{center}
                  
You're in trouble here.  Try typing  <return>  to proceed.
If that doesn't work, type  X <return>  to quit.

 
Here is how much of TeX's memory you used:
 8 strings out of 95273
 333 string characters out of 1183261
 45071 words of memory out of 1500000
 3321 multiletter control sequences out of 110000
 3640 words of font info for 14 fonts, out of 3000000 for 5000
 28 hyphenation exceptions out of 8191
 10i,0n,4p,92b,22s stack positions out of 5000i,500n,10000p,200000b,50000s
No pages of output.
